**********************
Windows PowerShell transcript start
Start time: 20250527223713
Username: Venkatesh\Venkatesh Kandregula
RunAs User: Venkatesh\Venkatesh Kandregula
Configuration Name: 
Machine: VENKATESH (Microsoft Windows NT 10.0.22631.0)
Host Application: C:\windows\System32\WindowsPowerShell\v1.0\powershell.exe -noexit -command try { . "c:\Users\Venkatesh Kandregula\AppData\Local\Programs\Microsoft VS Code\resources\app\out\vs\workbench\contrib\terminal\common\scripts\shellIntegration.ps1" } catch {}
Process ID: 51340
PSVersion: 5.1.22621.4391
PSEdition: Desktop
PSCompatibleVersions: 1.0, 2.0, 3.0, 4.0, 5.0, 5.1.22621.4391
BuildVersion: 10.0.22621.4391
CLRVersion: 4.0.30319.42000
WSManStackVersion: 3.0
PSRemotingProtocolVersion: 2.3
SerializationVersion: 1.1.0.1
**********************
Transcript started, output file is d:/manpower/backend/api_error.log

**********************
Windows PowerShell transcript end
End time: 20250527223714
**********************
